/* 2021-04-04 19:28:05 [root] */ /* 127.0.0.1 에 MariaDB (TCP/IP) 을(를) 통해 연결 중, 사용자 이름 "root", 암호 사용: Yes… */
/* 2021-04-04 19:28:05 [root] */ SELECT CONNECTION_ID();
/* 2021-04-04 19:28:05 [root] */ /* 연결됨. 스레드-ID: 40 */
/* 2021-04-04 19:28:05 [root] */ /* 문자 집합: utf8mb4 */
/* 2021-04-04 19:28:05 [root] */ SHOW STATUS;
/* 2021-04-04 19:28:05 [root] */ SELECT NOW();
/* 2021-04-04 19:28:05 [root] */ SHOW VARIABLES;
/* 2021-04-04 19:28:05 [root] */ SHOW DATABASES;
/* 2021-04-04 19:28:05 [root] */ SHOW OPEN TABLES FROM bigdb WHERE `in_use`!=0;
/* 2021-04-04 19:28:05 [root] */ USE `bigdb`;
/* 2021-04-04 19:28:05 [] */ /* "root" 세션 시작 */
/* 2021-04-04 19:28:05 [root] */ SELECT `DEFAULT_COLLATION_NAME` FROM `information_schema`.`SCHEMATA` WHERE `SCHEMA_NAME`='bigdb';
/* 2021-04-04 19:28:05 [root] */ SHOW TABLE STATUS FROM `bigdb`;
/* 2021-04-04 19:28:05 [root] */ SHOW FUNCTION STATUS WHERE `Db`='bigdb';
/* 2021-04-04 19:28:05 [root] */ SHOW PROCEDURE STATUS WHERE `Db`='bigdb';
/* 2021-04-04 19:28:05 [root] */ SHOW TRIGGERS FROM `bigdb`;
/* 2021-04-04 19:28:05 [root] */ SELECT `DEFAULT_COLLATION_NAME` FROM `information_schema`.`SCHEMATA` WHERE `SCHEMA_NAME`='information_schema';
/* 2021-04-04 19:28:05 [root] */ SHOW TABLE STATUS FROM `information_schema`;
/* 2021-04-04 19:28:05 [root] */ SHOW FUNCTION STATUS WHERE `Db`='information_schema';
/* 2021-04-04 19:28:05 [root] */ SHOW PROCEDURE STATUS WHERE `Db`='information_schema';
/* 2021-04-04 19:28:05 [root] */ SHOW TRIGGERS FROM `information_schema`;
/* 2021-04-04 19:28:05 [root] */ SHOW EVENTS FROM `information_schema`;
/* 2021-04-04 19:28:05 [root] */ SELECT *, EVENT_SCHEMA AS `Db`, EVENT_NAME AS `Name` FROM information_schema.`EVENTS` WHERE `EVENT_SCHEMA`='bigdb';
/* 2021-04-04 19:28:06 [] */ /* Loading file "D:\git_ming\DB\DB\MariaDB\03_23_테이블생성및삽입.sql" (255 B) into query tab #1 ... */
/* 2021-04-04 19:28:08 [root] */ FLUSH PRIVILEGES;
/* 2021-04-04 19:28:08 [root] */ SHOW COLUMNS FROM `mysql`.`user`;
/* 2021-04-04 19:28:08 [root] */ SELECT `user`, `host`, IF(LENGTH(password)>0, password, authentication_string) AS `password` FROM `mysql`.`user`;
/* 2021-04-04 19:28:09 [root] */ SHOW GRANTS FOR 'mingki'@'%';
/* 2021-04-04 19:28:12 [root] */ GRANT ALTER, SHOW VIEW, SHOW DATABASES, SELECT, PROCESS, EXECUTE  ON *.* TO 'mingki'@'%';
/* 2021-04-04 19:28:12 [root] */ FLUSH PRIVILEGES;
/* 2021-04-04 19:28:12 [root] */ SHOW GRANTS FOR 'mingki'@'%';
/* 2021-04-04 19:28:18 [root] */ SET PASSWORD FOR 'mingki'@'%' = PASSWORD('1234');
/* 2021-04-04 19:28:19 [root] */ FLUSH PRIVILEGES;
/* 2021-04-04 19:28:19 [root] */ SHOW GRANTS FOR 'mingki'@'%';
/* 2021-04-04 19:28:22 [root] */ /* 127.0.0.1 의 연결이 2021-04-04 19:28:22 에 종료됨 */
/* 2021-04-04 19:28:28 [root] */ /* 127.0.0.1 에 MariaDB (TCP/IP) 을(를) 통해 연결 중, 사용자 이름 "root", 암호 사용: No… */
/* 2021-04-04 19:28:28 [root] */ /* Access denied for user 'root'@'localhost' (using password: NO) */
