/* 2021-05-28 16:00:03 [mingki] */ /* 127.0.0.1 에 MariaDB (TCP/IP) 을(를) 통해 연결 중, 사용자 이름 "mingki", 암호 사용: Yes… */
/* 2021-05-28 16:00:03 [mingki] */ /* Access denied for user 'mingki'@'localhost' (using password: YES) */
/* 2021-05-28 16:00:09 [mingki] */ /* 127.0.0.1 에 MariaDB (TCP/IP) 을(를) 통해 연결 중, 사용자 이름 "mingki", 암호 사용: Yes… */
/* 2021-05-28 16:00:09 [mingki] */ /* Access denied for user 'mingki'@'localhost' (using password: YES) */
/* 2021-05-28 16:00:12 [java] */ /* 127.0.0.1 에 MariaDB (TCP/IP) 을(를) 통해 연결 중, 사용자 이름 "java", 암호 사용: Yes… */
/* 2021-05-28 16:00:13 [java] */ SELECT CONNECTION_ID();
/* 2021-05-28 16:00:13 [java] */ /* 연결됨. 스레드-ID: 5 */
/* 2021-05-28 16:00:13 [java] */ /* 문자 집합: utf8mb4 */
/* 2021-05-28 16:00:13 [java] */ SHOW STATUS;
/* 2021-05-28 16:00:13 [java] */ SELECT NOW();
/* 2021-05-28 16:00:13 [java] */ SHOW VARIABLES;
/* 2021-05-28 16:00:13 [java] */ SHOW OPEN TABLES FROM bigdb WHERE `in_use`!=0;
/* 2021-05-28 16:00:13 [java] */ USE `bigdb`;
/* 2021-05-28 16:00:13 [] */ /* "java" 세션 시작 */
/* 2021-05-28 16:00:13 [java] */ SELECT `DEFAULT_COLLATION_NAME` FROM `information_schema`.`SCHEMATA` WHERE `SCHEMA_NAME`='bigdb';
/* 2021-05-28 16:00:13 [java] */ SHOW TABLE STATUS FROM `bigdb`;
/* 2021-05-28 16:00:13 [java] */ SHOW FUNCTION STATUS WHERE `Db`='bigdb';
/* 2021-05-28 16:00:13 [java] */ SHOW PROCEDURE STATUS WHERE `Db`='bigdb';
/* 2021-05-28 16:00:13 [java] */ SHOW TRIGGERS FROM `bigdb`;
/* 2021-05-28 16:00:13 [java] */ SHOW EVENTS FROM `bigdb`;
/* 2021-05-28 16:00:13 [] */ /* Loading file "D:\git_ming\DB\DB\MariaDB\04.04_mingki_dogshop.sql" (676 B) into query tab #1 ... */
/* 2021-05-28 16:00:13 [] */ /* Loading file "D:\git_ming\DB\DB\MariaDB\04_05_member_plsql_test2.sql" (1.7 KiB) into query tab #2 ... */
/* 2021-05-28 16:00:19 [mingki] */ /* 127.0.0.1 에 MariaDB (TCP/IP) 을(를) 통해 연결 중, 사용자 이름 "mingki", 암호 사용: Yes… */
/* 2021-05-28 16:00:19 [mingki] */ /* Access denied for user 'mingki'@'localhost' (using password: YES) */
/* 2021-05-28 16:00:31 [mingki] */ /* [mingki] 127.0.0.1 에 MariaDB (TCP/IP) 을(를) 통해 연결 중, 사용자 이름 "mingki", 암호 사용: Yes… */
/* 2021-05-28 16:00:31 [mingki] */ /* [mingki] Access denied for user 'mingki'@'localhost' (using password: YES) */
/* 2021-05-28 16:00:34 [mingki] */ /* 127.0.0.1 에 MariaDB (TCP/IP) 을(를) 통해 연결 중, 사용자 이름 "mingki", 암호 사용: Yes… */
/* 2021-05-28 16:00:34 [mingki] */ /* Access denied for user 'mingki'@'localhost' (using password: YES) */
/* 2021-05-28 16:00:42 [mingki] */ /* 127.0.0.1 에 MariaDB (TCP/IP) 을(를) 통해 연결 중, 사용자 이름 "mingki", 암호 사용: Yes… */
/* 2021-05-28 16:00:42 [mingki] */ /* Access denied for user 'mingki'@'localhost' (using password: YES) */
/* 2021-05-28 16:00:50 [mingki] */ /* 127.0.0.1 에 MariaDB (TCP/IP) 을(를) 통해 연결 중, 사용자 이름 "mingki", 암호 사용: Yes… */
/* 2021-05-28 16:00:50 [mingki] */ /* Access denied for user 'mingki'@'localhost' (using password: YES) */
/* 2021-05-28 16:01:17 [mingki] */ /* 127.0.0.1 에 MariaDB (TCP/IP) 을(를) 통해 연결 중, 사용자 이름 "mingki", 암호 사용: Yes… */
/* 2021-05-28 16:01:17 [mingki] */ /* Access denied for user 'mingki'@'localhost' (using password: YES) */
/* 2021-05-28 16:03:12 [mingki] */ /* 127.0.0.1 에 MariaDB (TCP/IP) 을(를) 통해 연결 중, 사용자 이름 "mingki", 암호 사용: Yes… */
/* 2021-05-28 16:03:12 [mingki] */ /* Access denied for user 'mingki'@'localhost' (using password: YES) */
/* 2021-05-28 16:03:18 [mingki] */ /* 127.0.0.1 에 MariaDB (TCP/IP) 을(를) 통해 연결 중, 사용자 이름 "mingki", 암호 사용: No… */
/* 2021-05-28 16:03:18 [mingki] */ /* Access denied for user 'mingki'@'localhost' (using password: NO) */
/* 2021-05-28 16:03:23 [mingki] */ /* 127.0.0.1 에 MariaDB (TCP/IP) 을(를) 통해 연결 중, 사용자 이름 "mingki", 암호 사용: Yes… */
/* 2021-05-28 16:03:23 [mingki] */ SELECT CONNECTION_ID();
/* 2021-05-28 16:03:23 [mingki] */ /* 연결됨. 스레드-ID: 14 */
/* 2021-05-28 16:03:23 [mingki] */ /* 문자 집합: utf8mb4 */
/* 2021-05-28 16:03:23 [mingki] */ SHOW STATUS;
/* 2021-05-28 16:03:23 [mingki] */ SELECT NOW();
/* 2021-05-28 16:03:23 [mingki] */ SHOW VARIABLES;
/* 2021-05-28 16:03:23 [] */ /* "mingki" 세션 시작 */
/* 2021-05-28 16:03:27 [] */ /* "java" 세션 시작 */
/* 2021-05-28 16:03:33 [mingki] */ SELECT `DEFAULT_COLLATION_NAME` FROM `information_schema`.`SCHEMATA` WHERE `SCHEMA_NAME`='bigdb';
/* 2021-05-28 16:03:33 [mingki] */ SHOW TABLE STATUS FROM `bigdb`;
/* 2021-05-28 16:03:33 [mingki] */ SHOW FUNCTION STATUS WHERE `Db`='bigdb';
/* 2021-05-28 16:03:33 [mingki] */ SHOW PROCEDURE STATUS WHERE `Db`='bigdb';
/* 2021-05-28 16:03:33 [mingki] */ SHOW TRIGGERS FROM `bigdb`;
/* 2021-05-28 16:03:33 [mingki] */ SHOW EVENTS FROM `bigdb`;
/* 2021-05-28 16:03:33 [mingki] */ /* SQL 오류 (1044): Access denied for user 'mingki'@'localhost' to database 'bigdb' */
/* 2021-05-28 16:03:34 [] */ /* "mingki" 세션 시작 */
/* 2021-05-28 16:03:37 [mingki] */ /* 127.0.0.1 의 연결이 2021-05-28 16:03:37 에 종료됨 */
/* 2021-05-28 16:03:37 [] */ /* "java" 세션 시작 */
/* 2021-05-28 16:03:38 [java] */ /* 127.0.0.1 의 연결이 2021-05-28 16:03:38 에 종료됨 */
/* 2021-05-28 16:03:41 [mingki] */ /* [mingki] 127.0.0.1 에 MariaDB (TCP/IP) 을(를) 통해 연결 중, 사용자 이름 "mingki", 암호 사용: Yes… */
/* 2021-05-28 16:03:41 [mingki] */ /* [mingki] Access denied for user 'mingki'@'localhost' (using password: YES) */
/* 2021-05-28 16:03:54 [mingki] */ /* [mingki] 127.0.0.1 에 MariaDB (TCP/IP) 을(를) 통해 연결 중, 사용자 이름 "mingki", 암호 사용: Yes… */
/* 2021-05-28 16:03:54 [mingki] */ /* [mingki] Access denied for user 'mingki'@'localhost' (using password: YES) */
/* 2021-05-28 16:04:01 [mingki] */ /* 127.0.0.1 에 MariaDB (TCP/IP) 을(를) 통해 연결 중, 사용자 이름 "mingki", 암호 사용: Yes… */
/* 2021-05-28 16:04:01 [mingki] */ SELECT CONNECTION_ID();
/* 2021-05-28 16:04:01 [mingki] */ /* 연결됨. 스레드-ID: 17 */
/* 2021-05-28 16:04:01 [mingki] */ /* 문자 집합: utf8mb4 */
/* 2021-05-28 16:04:01 [mingki] */ SHOW STATUS;
/* 2021-05-28 16:04:01 [mingki] */ SELECT NOW();
/* 2021-05-28 16:04:01 [mingki] */ SHOW VARIABLES;
/* 2021-05-28 16:04:01 [mingki] */ SHOW DATABASES;
/* 2021-05-28 16:04:01 [] */ /* "mingki" 세션 시작 */
/* 2021-05-28 16:04:10 [mingki] */ SELECT `DEFAULT_COLLATION_NAME` FROM `information_schema`.`SCHEMATA` WHERE `SCHEMA_NAME`='dogshop';
/* 2021-05-28 16:04:10 [mingki] */ SHOW TABLE STATUS FROM `dogshop`;
/* 2021-05-28 16:04:10 [mingki] */ SHOW FUNCTION STATUS WHERE `Db`='dogshop';
/* 2021-05-28 16:04:10 [mingki] */ SHOW PROCEDURE STATUS WHERE `Db`='dogshop';
/* 2021-05-28 16:04:10 [mingki] */ SHOW TRIGGERS FROM `dogshop`;
/* 2021-05-28 16:04:10 [mingki] */ SELECT `DEFAULT_COLLATION_NAME` FROM `information_schema`.`SCHEMATA` WHERE `SCHEMA_NAME`='information_schema';
/* 2021-05-28 16:04:10 [mingki] */ SHOW TABLE STATUS FROM `information_schema`;
/* 2021-05-28 16:04:10 [mingki] */ SHOW FUNCTION STATUS WHERE `Db`='information_schema';
/* 2021-05-28 16:04:10 [mingki] */ SHOW PROCEDURE STATUS WHERE `Db`='information_schema';
/* 2021-05-28 16:04:10 [mingki] */ SHOW TRIGGERS FROM `information_schema`;
/* 2021-05-28 16:04:11 [mingki] */ SHOW EVENTS FROM `information_schema`;
/* 2021-05-28 16:04:11 [mingki] */ SELECT *, EVENT_SCHEMA AS `Db`, EVENT_NAME AS `Name` FROM information_schema.`EVENTS` WHERE `EVENT_SCHEMA`='dogshop';
/* 2021-05-28 16:04:12 [mingki] */ USE `dogshop`;
/* 2021-05-28 16:04:12 [mingki] */ SELECT * FROM `information_schema`.`COLUMNS` WHERE TABLE_SCHEMA='dogshop' AND TABLE_NAME='dog_seq' ORDER BY ORDINAL_POSITION;
/* 2021-05-28 16:04:12 [mingki] */ SHOW INDEXES FROM `dog_seq` FROM `dogshop`;
/* 2021-05-28 16:04:12 [mingki] */ SELECT * FROM information_schema.REFERENTIAL_CONSTRAINTS WHERE   CONSTRAINT_SCHEMA='dogshop'   AND TABLE_NAME='dog_seq'   AND REFERENCED_TABLE_NAME IS NOT NULL;
/* 2021-05-28 16:04:12 [mingki] */ SELECT * FROM information_schema.KEY_COLUMN_USAGE WHERE   CONSTRAINT_SCHEMA='dogshop'   AND TABLE_NAME='dog_seq'   AND REFERENCED_TABLE_NAME IS NOT NULL;
/* 2021-05-28 16:04:12 [mingki] */ SHOW ENGINES;
/* 2021-05-28 16:04:12 [mingki] */ SHOW COLLATION;
/* 2021-05-28 16:04:12 [mingki] */ SHOW CREATE TABLE `dogshop`.`dog_seq`;
/* 2021-05-28 16:04:17 [mingki] */ USE `mysql`;
/* 2021-05-28 16:04:18 [mingki] */ SELECT `DEFAULT_COLLATION_NAME` FROM `information_schema`.`SCHEMATA` WHERE `SCHEMA_NAME`='mysql';
/* 2021-05-28 16:04:18 [mingki] */ SHOW TABLE STATUS FROM `mysql`;
/* 2021-05-28 16:04:19 [mingki] */ SHOW FUNCTION STATUS WHERE `Db`='mysql';
/* 2021-05-28 16:04:19 [mingki] */ SHOW PROCEDURE STATUS WHERE `Db`='mysql';
/* 2021-05-28 16:04:19 [mingki] */ SHOW TRIGGERS FROM `mysql`;
/* 2021-05-28 16:04:19 [mingki] */ SELECT *, EVENT_SCHEMA AS `Db`, EVENT_NAME AS `Name` FROM information_schema.`EVENTS` WHERE `EVENT_SCHEMA`='mysql';
/* 2021-05-28 16:04:24 [mingki] */ /* 127.0.0.1 의 연결이 2021-05-28 16:04:24 에 종료됨 */
/* 2021-05-28 16:04:36 [mingki] */ /* [mingki] 127.0.0.1 에 MariaDB (TCP/IP) 을(를) 통해 연결 중, 사용자 이름 "mingki", 암호 사용: Yes… */
/* 2021-05-28 16:04:36 [mingki] */ /* [mingki] Access denied for user 'mingki'@'localhost' (using password: YES) */
