/* 2021-03-24 16:38:20 [root] */ /* 127.0.0.1 에 MariaDB (TCP/IP) 을(를) 통해 연결 중, 사용자 이름 "root", 암호 사용: No… */
/* 2021-03-24 16:38:20 [root] */ /* Access denied for user 'root'@'localhost' (using password: NO) */
/* 2021-03-24 16:38:23 [root] */ /* 127.0.0.1 에 MariaDB (TCP/IP) 을(를) 통해 연결 중, 사용자 이름 "root", 암호 사용: Yes… */
/* 2021-03-24 16:38:23 [root] */ SELECT CONNECTION_ID();
/* 2021-03-24 16:38:23 [root] */ /* 연결됨. 스레드-ID: 15 */
/* 2021-03-24 16:38:23 [root] */ /* 문자 집합: utf8mb4 */
/* 2021-03-24 16:38:23 [root] */ SHOW STATUS;
/* 2021-03-24 16:38:23 [root] */ SELECT NOW();
/* 2021-03-24 16:38:23 [root] */ SHOW VARIABLES;
/* 2021-03-24 16:38:23 [root] */ SHOW DATABASES;
/* 2021-03-24 16:38:23 [] */ /* "root" 세션 시작 */
/* 2021-03-24 16:38:24 [] */ /* Loading file "D:\git_ming\DB\DB\MariaDB\03_23_테이블생성및삽입.sql" (250 B) into query tab #1 ... */
/* 2021-03-24 16:38:24 [] */ /* Loading file "C:\Users\82104\AppData\Roaming\HeidiSQL\Backups\query-tab-2021-03-24_15-59-51-060.sql" (429 B) into query tab #2 ... */
/* 2021-03-24 16:38:26 [root] */ SELECT `DEFAULT_COLLATION_NAME` FROM `information_schema`.`SCHEMATA` WHERE `SCHEMA_NAME`='information_schema';
/* 2021-03-24 16:38:26 [root] */ SHOW TABLE STATUS FROM `information_schema`;
/* 2021-03-24 16:38:26 [root] */ SHOW FUNCTION STATUS WHERE `Db`='information_schema';
/* 2021-03-24 16:38:26 [root] */ SHOW PROCEDURE STATUS WHERE `Db`='information_schema';
/* 2021-03-24 16:38:26 [root] */ SHOW TRIGGERS FROM `information_schema`;
/* 2021-03-24 16:38:26 [root] */ SELECT `DEFAULT_COLLATION_NAME` FROM `information_schema`.`SCHEMATA` WHERE `SCHEMA_NAME`='information_schema';
/* 2021-03-24 16:38:26 [root] */ SHOW TABLE STATUS FROM `information_schema`;
/* 2021-03-24 16:38:26 [root] */ SHOW FUNCTION STATUS WHERE `Db`='information_schema';
/* 2021-03-24 16:38:26 [root] */ SHOW PROCEDURE STATUS WHERE `Db`='information_schema';
/* 2021-03-24 16:38:26 [root] */ SHOW TRIGGERS FROM `information_schema`;
/* 2021-03-24 16:38:26 [root] */ SHOW EVENTS FROM `information_schema`;
/* 2021-03-24 16:38:26 [root] */ SELECT *, EVENT_SCHEMA AS `Db`, EVENT_NAME AS `Name` FROM information_schema.`EVENTS` WHERE `EVENT_SCHEMA`='information_schema';
/* 2021-03-24 16:38:28 [root] 