/* 2021-07-12 20:31:04 [mingki] */ /* 127.0.0.1 에 MariaDB (TCP/IP) 을(를) 통해 연결 중, 사용자 이름 "mingki", 암호 사용: Yes… */
/* 2021-07-12 20:31:04 [mingki] */ SELECT CONNECTION_ID();
/* 2021-07-12 20:31:04 [mingki] */ /* 연결됨. 스레드-ID: 588 */
/* 2021-07-12 20:31:04 [mingki] */ /* 문자 집합: utf8mb4 */
/* 2021-07-12 20:31:04 [mingki] */ SHOW STATUS;
/* 2021-07-12 20:31:04 [mingki] */ SELECT NOW();
/* 2021-07-12 20:31:04 [mingki] */ SHOW VARIABLES;
/* 2021-07-12 20:31:04 [mingki] */ SHOW OPEN TABLES FROM bootex WHERE `in_use`!=0;
/* 2021-07-12 20:31:04 [mingki] */ USE `bootex`;
/* 2021-07-12 20:31:04 [] */ /* "mingki" 세션 시작 */
/* 2021-07-12 20:31:04 [mingki] */ SELECT `DEFAULT_COLLATION_NAME` FROM `information_schema`.`SCHEMATA` WHERE `SCHEMA_NAME`='bootex';
/* 2021-07-12 20:31:04 [mingki] */ SHOW TABLE STATUS FROM `bootex`;
/* 2021-07-12 20:31:04 [mingki] */ SHOW FUNCTION STATUS WHERE `Db`='bootex';
/* 2021-07-12 20:31:04 [mingki] */ SHOW PROCEDURE STATUS WHERE `Db`='bootex';
/* 2021-07-12 20:31:04 [mingki] */ SHOW TRIGGERS FROM `bootex`;
/* 2021-07-12 20:31:04 [mingki] */ SHOW EVENTS FROM `bootex`;
/* 2021-07-12 20:31:05 [] */ /* Loading file "D:\git_ming\DB\DB\MariaDB\07_01db생성.sql" (295 B) into query tab #1 ... */
/* 2021-07-12 20:31:10 [mingki] */ SHOW FULL COLUMNS FROM `bootex`.`board`;
/* 2021-07-12 20:31:10 [mingki] */ SHOW INDEXES FROM `board` FROM `bootex`;
/* 2021-07-12 20:31:10 [mingki] */ SELECT * FROM information_schema.REFERENTIAL_CONSTRAINTS WHERE   CONSTRAINT_SCHEMA='bootex'   AND TABLE_NAME='board'   AND REFERENCED_TABLE_NAME IS NOT NULL;
/* 2021-07-12 20:31:10 [mingki] */ SELECT * FROM information_schema.KEY_COLUMN_USAGE WHERE   CONSTRAINT_SCHEMA='bootex'   AND TABLE_NAME='board'   AND REFERENCED_TABLE_NAME IS NOT NULL;
/* 2021-07-12 20:31:10 [mingki] */ SHOW ENGINES;
/* 2021-07-12 20:31:11 [mingki] */ SHOW COLLATION;
/* 2021-07-12 20:31:11 [mingki] */ SHOW CREATE TABLE `bootex`.`board`;
/* 2021-07-12 20:31:13 [mingki] */ SELECT * FROM `bootex`.`board` ORDER BY `bno` DESC LIMIT 1000;
/* 2021-07-12 20:31:34 [mingki] */ DELETE FROM `bootex`.`board` WHERE  `bno`=199;
/* 2021-07-12 20:31:34 [mingki] */ DELETE FROM `bootex`.`board` WHERE  `bno`=198;
/* 2021-07-12 20:31:34 [mingki] */ DELETE FROM `bootex`.`board` WHERE  `bno`=197;
/* 2021-07-12 20:31:34 [mingki] */ DELETE FROM `bootex`.`board` WHERE  `bno`=196;
/* 2021-07-12 20:31:34 [mingki] */ DELETE FROM `bootex`.`board` WHERE  `bno`=195;
/* 2021-07-12 20:31:34 [mingki] */ DELETE FROM `bootex`.`board` WHERE  `bno`=194;
/* 2021-07-12 20:31:34 [mingki] */ DELETE FROM `bootex`.`board` WHERE  `bno`=193;
/* 2021-07-12 20:31:34 [mingki] */ DELETE FROM `bootex`.`board` WHERE  `bno`=192;
/* 2021-07-12 20:31:34 [mingki] */ DELETE FROM `bootex`.`board` WHERE  `bno`=191;
/* 2021-07-12 20:31:34 [mingki] */ DELETE FROM `bootex`.`board` WHERE  `bno`=190;
/* 2021-07-12 20:31:34 [mingki] */ DELETE FROM `bootex`.`board` WHERE  `bno`=189;
/* 2021-07-12 20:31:34 [mingki] */ DELETE FROM `bootex`.`board` WHERE  `bno`=188;
/* 2021-07-12 20:31:34 [mingki] */ DELETE FROM `bootex`.`board` WHERE  `bno`=187;
/* 2021-07-12 20:31:34 [mingki] */ DELETE FROM `bootex`.`board` WHERE  `bno`=186;
/* 2021-07-12 20:31:34 [mingki] */ DELETE FROM `bootex`.`board` WHERE  `bno`=185;
/* 2021-07-12 20:31:34 [mingki] */ DELETE FROM `bootex`.`board` WHERE  `bno`=184;
/* 2021-07-12 20:31:34 [mingki] */ DELETE FROM `bootex`.`board` WHERE  `bno`=183;
/* 2021-07-12 20:31:35 [mingki] */ DELETE FROM `bootex`.`board` WHERE  `bno`=182;
/* 2021-07-12 20:31:35 [mingki] */ DELETE FROM `bootex`.`board` WHERE  `bno`=181;
/* 2021-07-12 20:31:35 [mingki] */ DELETE FROM `bootex`.`board` WHERE  `bno`=180;
/* 2021-07-12 20:31:35 [mingki] */ DELETE FROM `bootex`.`board` WHERE  `bno`=179;
/* 2021-07-12 20:31:35 [mingki] */ DELETE FROM `bootex`.`board` WHERE  `bno`=178;
/* 2021-07-12 20:31:35 [mingki] */ DELETE FROM `bootex`.`board` WHERE  `bno`=177;
/* 2021-07-12 20:31:35 [mingki] */ DELETE FROM `bootex`.`board` WHERE  `bno`=176;
/* 2021-07-12 20:31:35 [mingki] */ DELETE FROM `bootex`.`board` WHERE  `bno`=175;
/* 2021-07-12 20:31:35 [mingki] */ DELETE FROM `bootex`.`board` WHERE  `bno`=174;
/* 2021-07-12 20:31:35 [mingki] */ DELETE FROM `bootex`.`board` WHERE  `bno`=173;
/* 2021-07-12 20:31:35 [mingki] */ DELETE FROM `bootex`.`board` WHERE  `bno`=172;
/* 2021-07-12 20:31:35 [mingki] */ DELETE FROM `bootex`.`board` WHERE  `bno`=171;
/* 2021-07-12 20:31:35 [mingki] */ DELETE FROM `bootex`.`board` WHERE  `bno`=170;
/* 2021-07-12 20:31:35 [mingki] */ DELETE FROM `bootex`.`board` WHERE  `bno`=169;
/* 2021-07-12 20:31:35 [mingki] */ DELETE FROM `bootex`.`board` WHERE  `bno`=168;
/* 2021-07-12 20:31:35 [mingki] */ DELETE FROM `bootex`.`board` WHERE  `bno`=167;
/* 2021-07-12 20:31:35 [mingki] */ DELETE FROM `bootex`.`board` WHERE  `bno`=166;
/* 2021-07-12 20:31:35 [mingki] */ DELETE FROM `bootex`.`board` WHERE  `bno`=165;
/* 2021-07-12 20:31:35 [mingki] */ DELETE FROM `bootex`.`board` WHERE  `bno`=164;
/* 2021-07-12 20:31:35 [mingki] */ DELETE FROM `bootex`.`board` WHERE  `bno`=163;
/* 2021-07-12 20:31:35 [mingki] */ DELETE FROM `bootex`.`board` WHERE  `bno`=162;
/* 2021-07-12 20:31:35 [mingki] */ DELETE FROM `bootex`.`board` WHERE  `bno`=161;
/* 2021-07-12 20:31:35 [mingki] */ DELETE FROM `bootex`.`board` WHERE  `bno`=160;
/* 2021-07-12 20:31:35 [mingki] */ DELETE FROM `bootex`.`board` WHERE  `bno`=159;
/* 2021-07-12 20:31:35 [mingki] */ DELETE FROM `bootex`.`board` WHERE  `bno`=158;
/* 2021-07-12 20:31:35 [mingki] */ DELETE FROM `bootex`.`board` WHERE  `bno`=157;
/* 2021-07-12 20:31:35 [mingki] */ DELETE FROM `bootex`.`board` WHERE  `bno`=156;
/* 2021-07-12 20:31:35 [mingki] */ DELETE FROM `bootex`.`board` WHERE  `bno`=155;
/* 2021-07-12 20:31:35 [mingki] */ DELETE FROM `bootex`.`board` WHERE  `bno`=154;
/* 2021-07-12 20:31:35 [mingki] */ DELETE FROM `bootex`.`board` WHERE  `bno`=153;
/* 2021-07-12 20:31:35 [mingki] */ DELETE FROM `bootex`.`board` WHERE  `bno`=152;
/* 2021-07-12 20:31:35 [mingki] */ DELETE FROM `bootex`.`board` WHERE  `bno`=151;
/* 2021-07-12 20:31:35 [mingki] */ DELETE FROM `bootex`.`board` WHERE  `bno`=150;
/* 2021-07-12 20:31:35 [mingki] */ DELETE FROM `bootex`.`board` WHERE  `bno`=149;
/* 2021-07-12 20:31:35 [mingki] */ DELETE FROM `bootex`.`board` WHERE  `bno`=148;
/* 2021-07-12 20:31:35 [mingki] */ DELETE FROM `bootex`.`board` WHERE  `bno`=147;
/* 2021-07-12 20:31:35 [mingki] */ DELETE FROM `bootex`.`board` WHERE  `bno`=146;
/* 2021-07-12 20:31:35 [mingki] */ DELETE FROM `bootex`.`board` WHERE  `bno`=145;
/* 2021-07-12 20:31:35 [mingki] */ DELETE FROM `bootex`.`board` WHERE  `bno`=144;
/* 2021-07-12 20:31:35 [mingki] */ DELETE FROM `bootex`.`board` WHERE  `bno`=143;
/* 2021-07-12 20:31:35 [mingki] */ DELETE FROM `bootex`.`board` WHERE  `bno`=142;
/* 2021-07-12 20:31:35 [mingki] */ DELETE FROM `bootex`.`board` WHERE  `bno`=141;
/* 2021-07-12 20:31:35 [mingki] */ DELETE FROM `bootex`.`board` WHERE  `bno`=140;
/* 2021-07-12 20:31:35 [mingki] */ DELETE FROM `bootex`.`board` WHERE  `bno`=139;
/* 2021-07-12 20:31:35 [mingki] */ DELETE FROM `bootex`.`board` WHERE  `bno`=138;
/* 2021-07-12 20:31:35 [mingki] */ DELETE FROM `bootex`.`board` WHERE  `bno`=137;
/* 2021-07-12 20:31:35 [mingki] */ DELETE FROM `bootex`.`board` WHERE  `bno`=136;
/* 2021-07-12 20:31:35 [mingki] */ DELETE FROM `bootex`.`board` WHERE  `bno`=135;
/* 2021-07-12 20:31:35 [mingki] */ DELETE FROM `bootex`.`board` WHERE  `bno`=134;
/* 2021-07-12 20:31:35 [mingki] */ DELETE FROM `bootex`.`board` WHERE  `bno`=133;
/* 2021-07-12 20:31:35 [mingki] */ DELETE FROM `bootex`.`board` WHERE  `bno`=132;
/* 2021-07-12 20:31:35 [mingki] */ DELETE FROM `bootex`.`board` WHERE  `bno`=131;
/* 2021-07-12 20:31:35 [mingki] */ DELETE FROM `bootex`.`board` WHERE  `bno`=130;
/* 2021-07-12 20:31:35 [mingki] */ DELETE FROM `bootex`.`board` WHERE  `bno`=129;
/* 2021-07-12 20:31:35 [mingki] */ DELETE FROM `bootex`.`board` WHERE  `bno`=128;
/* 2021-07-12 20:31:35 [mingki] */ DELETE FROM `bootex`.`board` WHERE  `bno`=127;
/* 2021-07-12 20:31:35 [mingki] */ DELETE FROM `bootex`.`board` WHERE  `bno`=126;
/* 2021-07-12 20:31:35 [mingki] */ DELETE FROM `bootex`.`board` WHERE  `bno`=125;
/* 2021-07-12 20:31:35 [mingki] */ DELETE FROM `bootex`.`board` WHERE  `bno`=124;
/* 2021-07-12 20:31:35 [mingki] */ DELETE FROM `bootex`.`board` WHERE  `bno`=123;
/* 2021-07-12 20:31:35 [mingki] */ DELETE FROM `bootex`.`board` WHERE  `bno`=122;
/* 2021-07-12 20:31:35 [mingki] */ DELETE FROM `bootex`.`board` WHERE  `bno`=121;
/* 2021-07-12 20:31:35 [mingki] */ DELETE FROM `bootex`.`board` WHERE  `bno`=120;
/* 2021-07-12 20:31:35 [mingki] */ DELETE FROM `bootex`.`board` WHERE  `bno`=119;
/* 2021-07-12 20:31:35 [mingki] */ DELETE FROM `bootex`.`board` WHERE  `bno`=118;
/* 2021-07-12 20:31:35 [mingki] */ DELETE FROM `bootex`.`board` WHERE  `bno`=117;
/* 2021-07-12 20:31:35 [mingki] */ DELETE FROM `bootex`.`board` WHERE  `bno`=116;
/* 2021-07-12 20:31:36 [mingki] */ DELETE FROM `bootex`.`board` WHERE  `bno`=115;
/* 2021-07-12 20:31:36 [mingki] */ DELETE FROM `bootex`.`board` WHERE  `bno`=114;
/* 2021-07-12 20:31:36 [mingki] */ DELETE FROM `bootex`.`board` WHERE  `bno`=113;
/* 2021-07-12 20:31:36 [mingki] */ DELETE FROM `bootex`.`board` WHERE  `bno`=112;
/* 2021-07-12 20:31:36 [mingki] */ DELETE FROM `bootex`.`board` WHERE  `bno`=111;
/* 2021-07-12 20:31:36 [mingki] */ DELETE FROM `bootex`.`board` WHERE  `bno`=110;
/* 2021-07-12 20:31:36 [mingki] */ DELETE FROM `bootex`.`board` WHERE  `bno`=109;
/* 2021-07-12 20:31:36 [mingki] */ DELETE FROM `bootex`.`board` WHERE  `bno`=108;
/* 2021-07-12 20:31:36 [mingki] */ DELETE FROM `bootex`.`board` WHERE  `bno`=107;
/* 2021-07-12 20:31:36 [mingki] */ DELETE FROM `bootex`.`board` WHERE  `bno`=106;
/* 2021-07-12 20:31:36 [mingki] */ DELETE FROM `bootex`.`board` WHERE  `bno`=105;
/* 2021-07-12 20:31:36 [mingki] */ DELETE FROM `bootex`.`board` WHERE  `bno`=104;
/* 2021-07-12 20:31:36 [mingki] */ DELETE FROM `bootex`.`board` WHERE  `bno`=103;
/* 2021-07-12 20:31:36 [mingki] */ DELETE FROM `bootex`.`board` WHERE  `bno`=102;
/* 2021-07-12 20:32:12 [mingki] */ SHOW FULL COLUMNS FROM `bootex`.`member`;
/* 2021-07-12 20:32:13 [mingki] */ SHOW INDEXES FROM `member` FROM `bootex`;
/* 2021-07-12 20:32:13 [mingki] */ SELECT * FROM information_schema.REFERENTIAL_CONSTRAINTS WHERE   CONSTRAINT_SCHEMA='bootex'   AND TABLE_NAME='member'   AND REFERENCED_TABLE_NAME IS NOT NULL;
/* 2021-07-12 20:32:13 [mingki] */ SELECT * FROM information_schema.KEY_COLUMN_USAGE WHERE   CONSTRAINT_SCHEMA='bootex'   AND TABLE_NAME='member'   AND REFERENCED_TABLE_NAME IS NOT NULL;
/* 2021-07-12 20:32:13 [mingki] */ SHOW CREATE TABLE `bootex`.`member`;
/* 2021-07-12 20:32:13 [mingki] */ SELECT * FROM `bootex`.`member` LIMIT 1000;
/* 2021-07-12 20:32:17 [mingki] */ SELECT * FROM `bootex`.`member` ORDER BY `name` ASC LIMIT 1000;
/* 2021-07-12 20:32:20 [mingki] */ SELECT * FROM `bootex`.`member` ORDER BY `name` DESC LIMIT 1000;
/* 2021-07-12 20:32:21 [mingki] */ SELECT * FROM `bootex`.`member` ORDER BY `name` DESC, `email` ASC LIMIT 1000;
/* 2021-07-12 20:32:22 [mingki] */ SELECT * FROM `bootex`.`member` ORDER BY `name` DESC, `email` DESC LIMIT 1000;
/* 2021-07-12 20:32:39 [mingki] */ UPDATE `bootex`.`member` SET `email`='"user99@aaa.com"	"2021-07-12 19:00:37.144641"	"2021-07-12 19:00:37.144641"	"USER99"	"1111"\r\n' WHERE  `email`='user99@aaa.com';
/* 2021-07-12 20:32:39 [mingki] */ /* SQL 오류 (1451): Cannot delete or update a parent row: a foreign key constraint fails (`bootex`.`board`, CONSTRAINT `FK1iu8rhoim4thb0y12cpt01oiu` FOREIGN KEY (`writer_email`) REFERENCES `member` (`email`)) */
/* 2021-07-12 20:32:42 [mingki] */ UPDATE `bootex`.`member` SET `email`='"user99@aaa.com"	"2021-07-12 19:00:37.144641"	"2021-07-12 19:00:37.144641"	"USER99"	"1111"\r\n' WHERE  `email`='user99@aaa.com';
/* 2021-07-12 20:32:42 [mingki] */ /* SQL 오류 (1451): Cannot delete or update a parent row: a foreign key constraint fails (`bootex`.`board`, CONSTRAINT `FK1iu8rhoim4thb0y12cpt01oiu` FOREIGN KEY (`writer_email`) REFERENCES `member` (`email`)) */
/* 2021-07-12 20:32:44 [mingki] */ UPDATE `bootex`.`member` SET `email`='"user99@aaa.com"	"2021-07-12 19:00:37.144641"	"2021-07-12 19:00:37.144641"	"USER99"	"1111"\r\n' WHERE  `email`='user99@aaa.com';
/* 2021-07-12 20:32:44 [mingki] */ /* SQL 오류 (1451): Cannot delete or update a parent row: a foreign key constraint fails (`bootex`.`board`, CONSTRAINT `FK1iu8rhoim4thb0y12cpt01oiu` FOREIGN KEY (`writer_email`) REFERENCES `member` (`email`)) */
/* 2021-07-12 20:33:18 [mingki] */ SELECT * FROM `bootex`.`member` ORDER BY `name` DESC LIMIT 1000;
/* 2021-07-12 20:33:19 [mingki] */ SELECT * FROM `bootex`.`member` ORDER BY `name` DESC, `email` ASC LIMIT 1000;
/* 2021-07-12 20:33:25 [mingki] */ SELECT CURRENT_TIMESTAMP;
/* 2021-07-12 20:33:35 [mingki] */ INSERT INTO `bootex`.`member` (`email`) VALUES ('""	""	""	""	""\r\n');
/* 2021-07-12 20:33:35 [mingki] */ SELECT `email`, `moddate`, `regdate`, `name`, `password` FROM `bootex`.`member` WHERE  `email`='""	""	""	""	""\r\n';
/* 2021-07-12 20:33:56 [mingki] */ UPDATE `bootex`.`member` SET `email`='"user100@aaa.com"	"2021-07-12 19:00:37.144641"	"2021-07-12 19:00:37.144641"	"USER99"	"1111"\r\n' WHERE  `email`='""	""	""	""	""\r\n';
/* 2021-07-12 20:33:56 [mingki] */ SELECT `email`, `moddate`, `regdate`, `name`, `password` FROM `bootex`.`member` WHERE  `email`='"user100@aaa.com"	"2021-07-12 19:00:37.144641"	"2021-07-12 19:00:37.144641"	"USER99"	"1111"\r\n';
/* 2021-07-12 20:33:57 [mingki] */ UPDATE `bootex`.`member` SET `moddate`='2021-07-12 19:00:37.144641' WHERE  `email`='"user100@aaa.com"	"2021-07-12 19:00:37.144641"	"2021-07-12 19:00:37.144641"	"USER99"	"1111"\r\n';
/* 2021-07-12 20:33:57 [mingki] */ SELECT `email`, `moddate`, `regdate`, `name`, `password` FROM `bootex`.`member` WHERE  `email`='"user100@aaa.com"	"2021-07-12 19:00:37.144641"	"2021-07-12 19:00:37.144641"	"USER99"	"1111"\r\n';
/* 2021-07-12 20:33:58 [mingki] */ UPDATE `bootex`.`member` SET `regdate`='2021-07-12 19:00:37.144641' WHERE  `email`='"user100@aaa.com"	"2021-07-12 19:00:37.144641"	"2021-07-12 19:00:37.144641"	"USER99"	"1111"\r\n';
/* 2021-07-12 20:33:59 [mingki] */ SELECT `email`, `moddate`, `regdate`, `name`, `password` FROM `bootex`.`member` WHERE  `email`='"user100@aaa.com"	"2021-07-12 19:00:37.144641"	"2021-07-12 19:00:37.144641"	"USER99"	"1111"\r\n';
/* 2021-07-12 20:34:03 [mingki] */ UPDATE `bootex`.`member` SET `name`='USER100' WHERE  `email`='"user100@aaa.com"	"2021-07-12 19:00:37.144641"	"2021-07-12 19:00:37.144641"	"USER99"	"1111"\r\n';
/* 2021-07-12 20:34:03 [mingki] */ SELECT `email`, `moddate`, `regdate`, `name`, `password` FROM `bootex`.`member` WHERE  `email`='"user100@aaa.com"	"2021-07-12 19:00:37.144641"	"2021-07-12 19:00:37.144641"	"USER99"	"1111"\r\n';
/* 2021-07-12 20:34:05 [mingki] */ UPDATE `bootex`.`member` SET `password`='1111' WHERE  `email`='"user100@aaa.com"	"2021-07-12 19:00:37.144641"	"2021-07-12 19:00:37.144641"	"USER99"	"1111"\r\n';
/* 2021-07-12 20:34:05 [mingki] */ SELECT `email`, `moddate`, `regdate`, `name`, `password` FROM `bootex`.`member` WHERE  `email`='"user100@aaa.com"	"2021-07-12 19:00:37.144641"	"2021-07-12 19:00:37.144641"	"USER99"	"1111"\r\n';
/* 2021-07-12 20:34:22 [mingki] */ UPDATE `bootex`.`member` SET `email`='user100@aaa.com\r\n' WHERE  `email`='"user100@aaa.com"	"2021-07-12 19:00:37.144641"	"2021-07-12 19:00:37.144641"	"USER99"	"1111"\r\n';
/* 2021-07-12 20:34:22 [mingki] */ SELECT `email`, `moddate`, `regdate`, `name`, `password` FROM `bootex`.`member` WHERE  `email`='user100@aaa.com\r\n';
/* 2021-07-12 20:34:24 [mingki] */ SELECT * FROM `bootex`.`member` ORDER BY `name` DESC, `email` DESC LIMIT 1000;
/* 2021-07-12 20:34:25 [mingki] */ SELECT * FROM `bootex`.`member` ORDER BY `name` DESC LIMIT 1000;
/* 2021-07-12 20:34:25 [mingki] */ SELECT * FROM `bootex`.`member` ORDER BY `name` DESC, `email` ASC LIMIT 1000;
/* 2021-07-12 20:34:33 [mingki] */ SELECT * FROM `bootex`.`member` ORDER BY `email` ASC LIMIT 1000;
/* 2021-07-12 20:34:35 [mingki] */ SELECT * FROM `bootex`.`member` ORDER BY `email` ASC, `name` ASC LIMIT 1000;
/* 2021-07-12 20:34:36 [mingki] */ SELECT * FROM `bootex`.`member` ORDER BY `email` ASC, `name` DESC LIMIT 1000;
/* 2021-07-12 20:34:37 [mingki] */ SHOW FULL COLUMNS FROM `bootex`.`reply`;
/* 2021-07-12 20:34:38 [mingki] */ SHOW INDEXES FROM `reply` FROM `bootex`;
/* 2021-07-12 20:34:38 [mingki] */ SELECT * FROM information_schema.REFERENTIAL_CONSTRAINTS WHERE   CONSTRAINT_SCHEMA='bootex'   AND TABLE_NAME='reply'   AND REFERENCED_TABLE_NAME IS NOT NULL;
/* 2021-07-12 20:34:38 [mingki] */ SELECT * FROM information_schema.KEY_COLUMN_USAGE WHERE   CONSTRAINT_SCHEMA='bootex'   AND TABLE_NAME='reply'   AND REFERENCED_TABLE_NAME IS NOT NULL;
/* 2021-07-12 20:34:38 [mingki] */ SHOW CREATE TABLE `bootex`.`reply`;
/* 2021-07-12 20:34:38 [mingki] */ SELECT * FROM `bootex`.`reply` ORDER BY `board_bno` DESC LIMIT 1000;
/* 2021-07-12 20:34:40 [mingki] */ SELECT * FROM `bootex`.`reply` ORDER BY `board_bno` DESC, `rno` ASC LIMIT 1000;
/* 2021-07-12 20:34:41 [mingki] */ SELECT * FROM `bootex`.`reply` ORDER BY `board_bno` DESC, `rno` DESC LIMIT 1000;
/* 2021-07-12 20:34:42 [mingki] */ SELECT * FROM `bootex`.`reply` ORDER BY `board_bno` DESC LIMIT 1000;
/* 2021-07-12 20:34:44 [mingki] */ SELECT * FROM `bootex`.`reply` ORDER BY `board_bno` DESC, `rno` ASC LIMIT 1000;
/* 2021-07-12 20:34:47 [mingki] */ SELECT * FROM `bootex`.`reply` ORDER BY `board_bno` DESC, `rno` ASC, `text` ASC LIMIT 1000;
/* 2021-07-12 20:34:47 [mingki] */ SELECT * FROM `bootex`.`reply` ORDER BY `board_bno` DESC, `rno` ASC, `text` DESC LIMIT 1000;
/* 2021-07-12 20:35:49 [mingki] */ SHOW CREATE TABLE `bootex`.`board`;
/* 2021-07-12 20:35:49 [mingki] */ SELECT * FROM `bootex`.`board` ORDER BY `bno` DESC LIMIT 1000;
/* 2021-07-12 20:36:01 [mingki] */ SELECT `email`, LEFT(`name`, 256) FROM `bootex`.`member` GROUP BY `email`, `name` ORDER BY `name` LIMIT 10000;
/* 2021-07-12 20:36:12 [mingki] */ UPDATE `bootex`.`board` SET `content`='Content...100', `title`='Title...100', `writer_email`='user100@aaa.com\r\n' WHERE  `bno`=100;
/* 2021-07-12 20:36:12 [mingki] */ SELECT `bno`, `moddate`, `regdate`, `content`, `title`, `writer_email` FROM `bootex`.`board` WHERE  `bno`=100;
