/* 2021-04-04 19:20:45 [root] */ /* 127.0.0.1 에 MariaDB (TCP/IP) 을(를) 통해 연결 중, 사용자 이름 "root", 암호 사용: Yes… */
/* 2021-04-04 19:20:45 [root] */ SELECT CONNECTION_ID();
/* 2021-04-04 19:20:45 [root] */ /* 연결됨. 스레드-ID: 37 */
/* 2021-04-04 19:20:45 [root] */ /* 문자 집합: utf8mb4 */
/* 2021-04-04 19:20:45 [root] */ SHOW STATUS;
/* 2021-04-04 19:20:45 [root] */ SELECT NOW();
/* 2021-04-04 19:20:45 [root] */ SHOW VARIABLES;
/* 2021-04-04 19:20:45 [root] */ SHOW DATABASES;
/* 2021-04-04 19:20:45 [root] */ SHOW OPEN TABLES FROM information_schema WHERE `in_use`!=0;
/* 2021-04-04 19:20:45 [root] */ USE `information_schema`;
/* 2021-04-04 19:20:45 [] */ /* "root" 세션 시작 */
/* 2021-04-04 19:20:45 [root] */ SELECT `DEFAULT_COLLATION_NAME` FROM `information_schema`.`SCHEMATA` WHERE `SCHEMA_NAME`='information_schema';
/* 2021-04-04 19:20:45 [root] */ SHOW TABLE STATUS FROM `information_schema`;
/* 2021-04-04 19:20:46 [root] */ SHOW FUNCTION STATUS WHERE `Db`='information_schema';
/* 2021-04-04 19:20:46 [root] */ SHOW PROCEDURE STATUS WHERE `Db`='information_schema';
/* 2021-04-04 19:20:46 [root] */ SHOW TRIGGERS FROM `information_schema`;
/* 2021-04-04 19:20:46 [root] */ SELECT `DEFAULT_COLLATION_NAME` FROM `information_schema`.`SCHEMATA` WHERE `SCHEMA_NAME`='information_schema';
/* 2021-04-04 19:20:46 [root] */ SHOW TABLE STATUS FROM `information_schema`;
/* 2021-04-04 19:20:46 [root] */ SHOW FUNCTION STATUS WHERE `Db`='information_schema';
/* 2021-04-04 19:20:46 [root] */ SHOW PROCEDURE STATUS WHERE `Db`='information_schema';
/* 2021-04-04 19:20:46 [root] */ SHOW TRIGGERS FROM `information_schema`;
/* 2021-04-04 19:20:46 [root] */ SHOW EVENTS FROM `information_schema`;
/* 2021-04-04 19:20:46 [root] */ SELECT *, EVENT_SCHEMA AS `Db`, EVENT_NAME AS `Name` FROM information_schema.`EVENTS` WHERE `EVENT_SCHEMA`='information_schema';
/* 2021-04-04 19:20:46 [] */ /* Loading file "D:\git_ming\DB\DB\MariaDB\03_23_테이블생성및삽입.sql" (250 B) into query tab #1 ... */
/* 2021-04-04 19:21:13 [root] */ CREATE USER 'mingki' IDENTIFIED BY '1234';
/* 2021-04-04 19:21:13 [] */ /* 영향 받은 행: 0  찾은 행: 0  경고: 0  지속 시간 1 쿼리: 0.031 초 */
/* 2021-04-04 19:21:27 [root] */ CREATE USER 'mingki' IDENTIFIED BY '1234';
/* 2021-04-04 19:21:27 [root] */ /* SQL 오류 (1396): Operation CREATE USER failed for 'mingki'@'%' */
/* 2021-04-04 19:21:27 [] */ /* 영향 받은 행: 0  찾은 행: 0  경고: 0  지속 시간 0 of 1 쿼리: 0.000 초 */
/* 2021-04-04 19:22:14 [root] */ USE `bigdb`;
/* 2021-04-04 19:22:14 [root] */ SELECT `DEFAULT_COLLATION_NAME` FROM `information_schema`.`SCHEMATA` WHERE `SCHEMA_NAME`='bigdb';
/* 2021-04-04 19:22:14 [root] */ SHOW TABLE STATUS FROM `bigdb`;
/* 2021-04-04 19:22:14 [root] */ SHOW FUNCTION STATUS WHERE `Db`='bigdb';
/* 2021-04-04 19:22:14 [root] */ SHOW PROCEDURE STATUS WHERE `Db`='bigdb';
/* 2021-04-04 19:22:14 [root] */ SHOW TRIGGERS FROM `bigdb`;
/* 2021-04-04 19:22:14 [root] */ SELECT *, EVENT_SCHEMA AS `Db`, EVENT_NAME AS `Name` FROM information_schema.`EVENTS` WHERE `EVENT_SCHEMA`='bigdb';
/* 2021-04-04 19:22:29 [root] */ /* 127.0.0.1 의 연결이 2021-04-04 19:22:29 에 종료됨 */
