/* 2021-08-04 21:27:16 [mingki] */ /* 127.0.0.1 에 MariaDB (TCP/IP) 을(를) 통해 연결 중, 사용자 이름 "mingki", 암호 사용: Yes… */
/* 2021-08-04 21:27:16 [mingki] */ SELECT CONNECTION_ID();
/* 2021-08-04 21:27:16 [mingki] */ /* 연결됨. 스레드-ID: 216 */
/* 2021-08-04 21:27:16 [mingki] */ /* 문자 집합: utf8mb4 */
/* 2021-08-04 21:27:16 [mingki] */ SHOW STATUS;
/* 2021-08-04 21:27:16 [mingki] */ SELECT NOW();
/* 2021-08-04 21:27:16 [mingki] */ SHOW VARIABLES;
/* 2021-08-04 21:27:16 [mingki] */ SHOW OPEN TABLES FROM bootex WHERE `in_use`!=0;
/* 2021-08-04 21:27:16 [mingki] */ USE `bootex`;
/* 2021-08-04 21:27:16 [] */ /* "mingki" 세션 시작 */
/* 2021-08-04 21:27:16 [mingki] */ SELECT `DEFAULT_COLLATION_NAME` FROM `information_schema`.`SCHEMATA` WHERE `SCHEMA_NAME`='bootex';
/* 2021-08-04 21:27:16 [mingki] */ SHOW TABLE STATUS FROM `bootex`;
/* 2021-08-04 21:27:16 [mingki] */ SHOW FUNCTION STATUS WHERE `Db`='bootex';
/* 2021-08-04 21:27:16 [mingki] */ SHOW PROCEDURE STATUS WHERE `Db`='bootex';
/* 2021-08-04 21:27:17 [mingki] */ SHOW TRIGGERS FROM `bootex`;
/* 2021-08-04 21:27:17 [mingki] */ SHOW EVENTS FROM `bootex`;
/* 2021-08-04 21:27:17 [] */ /* Loading file "D:\git_ming\DB\DB\MariaDB\07_01db생성.sql" (295 B) into query tab #1 ... */
/* 2021-08-04 21:27:21 [mingki] */ SHOW FULL COLUMNS FROM `bootex`.`review`;
/* 2021-08-04 21:27:21 [mingki] */ SHOW INDEXES FROM `review` FROM `bootex`;
/* 2021-08-04 21:27:21 [mingki] */ SELECT * FROM information_schema.REFERENTIAL_CONSTRAINTS WHERE   CONSTRAINT_SCHEMA='bootex'   AND TABLE_NAME='review'   AND REFERENCED_TABLE_NAME IS NOT NULL;
/* 2021-08-04 21:27:21 [mingki] */ SELECT * FROM information_schema.KEY_COLUMN_USAGE WHERE   CONSTRAINT_SCHEMA='bootex'   AND TABLE_NAME='review'   AND REFERENCED_TABLE_NAME IS NOT NULL;
/* 2021-08-04 21:27:21 [mingki] */ SHOW ENGINES;
/* 2021-08-04 21:27:21 [mingki] */ SHOW COLLATION;
/* 2021-08-04 21:27:21 [mingki] */ SHOW CREATE TABLE `bootex`.`review`;
/* 2021-08-04 21:27:23 [mingki] */ SELECT * FROM `bootex`.`review` LIMIT 1000;
/* 2021-08-04 21:27:56 [mingki] */ SHOW FULL COLUMNS FROM `bootex`.`movie`;
/* 2021-08-04 21:27:56 [mingki] */ SHOW INDEXES FROM `movie` FROM `bootex`;
/* 2021-08-04 21:27:56 [mingki] */ SELECT * FROM information_schema.REFERENTIAL_CONSTRAINTS WHERE   CONSTRAINT_SCHEMA='bootex'   AND TABLE_NAME='movie'   AND REFERENCED_TABLE_NAME IS NOT NULL;
/* 2021-08-04 21:27:56 [mingki] */ SELECT * FROM information_schema.KEY_COLUMN_USAGE WHERE   CONSTRAINT_SCHEMA='bootex'   AND TABLE_NAME='movie'   AND REFERENCED_TABLE_NAME IS NOT NULL;
/* 2021-08-04 21:27:56 [mingki] */ SHOW CREATE TABLE `bootex`.`movie`;
/* 2021-08-04 21:27:56 [mingki] */ SELECT * FROM `bootex`.`movie` LIMIT 1000;
/* 2021-08-04 21:28:05 [mingki] */ SHOW CREATE TABLE `bootex`.`review`;
/* 2021-08-04 21:28:05 [mingki] */ SELECT * FROM `bootex`.`review` LIMIT 1000;
/* 2021-08-04 21:28:11 [mingki] */ SELECT * FROM `bootex`.`review` ORDER BY `movie_mno` ASC LIMIT 1000;
