/* 2021-05-31 21:08:50 [mingki] */ /* 127.0.0.1 에 MariaDB (TCP/IP) 을(를) 통해 연결 중, 사용자 이름 "mingki", 암호 사용: Yes… */
/* 2021-05-31 21:08:50 [mingki] */ SELECT CONNECTION_ID();
/* 2021-05-31 21:08:50 [mingki] */ /* 연결됨. 스레드-ID: 184 */
/* 2021-05-31 21:08:50 [mingki] */ /* 문자 집합: utf8mb4 */
/* 2021-05-31 21:08:50 [mingki] */ SHOW STATUS;
/* 2021-05-31 21:08:50 [mingki] */ SELECT NOW();
/* 2021-05-31 21:08:50 [mingki] */ SHOW VARIABLES;
/* 2021-05-31 21:08:50 [mingki] */ SHOW OPEN TABLES FROM diary WHERE `in_use`!=0;
/* 2021-05-31 21:08:50 [mingki] */ USE `diary`;
/* 2021-05-31 21:08:50 [] */ /* "mingki" 세션 시작 */
/* 2021-05-31 21:08:50 [mingki] */ SELECT `DEFAULT_COLLATION_NAME` FROM `information_schema`.`SCHEMATA` WHERE `SCHEMA_NAME`='diary';
/* 2021-05-31 21:08:50 [mingki] */ SHOW TABLE STATUS FROM `diary`;
/* 2021-05-31 21:08:50 [mingki] */ SHOW FUNCTION STATUS WHERE `Db`='diary';
/* 2021-05-31 21:08:50 [mingki] */ SHOW PROCEDURE STATUS WHERE `Db`='diary';
/* 2021-05-31 21:08:50 [mingki] */ SHOW TRIGGERS FROM `diary`;
/* 2021-05-31 21:08:50 [mingki] */ SHOW EVENTS FROM `diary`;
/* 2021-05-31 21:48:52 [] */ /* "mingki" 세션 시작 */
/* 2021-05-31 21:48:52 [mingki] */ SELECT `DEFAULT_COLLATION_NAME` FROM `information_schema`.`SCHEMATA` WHERE `SCHEMA_NAME`='diary';
/* 2021-05-31 21:48:52 [mingki] */ SHOW TABLE STATUS FROM `diary`;
/* 2021-05-31 21:48:52 [mingki] */ SHOW FUNCTION STATUS WHERE `Db`='diary';
/* 2021-05-31 21:48:52 [mingki] */ SHOW PROCEDURE STATUS WHERE `Db`='diary';
/* 2021-05-31 21:48:52 [mingki] */ SHOW TRIGGERS FROM `diary`;
/* 2021-05-31 21:48:53 [mingki] */ SHOW EVENTS FROM `diary`;
/* 2021-05-31 21:50:20 [mingki] */ SHOW FULL COLUMNS FROM `diary`.`diary`;
/* 2021-05-31 21:50:21 [mingki] */ SHOW INDEXES FROM `diary` FROM `diary`;
/* 2021-05-31 21:50:21 [mingki] */ SELECT * FROM information_schema.REFERENTIAL_CONSTRAINTS WHERE   CONSTRAINT_SCHEMA='diary'   AND TABLE_NAME='diary'   AND REFERENCED_TABLE_NAME IS NOT NULL;
/* 2021-05-31 21:50:21 [mingki] */ SELECT * FROM information_schema.KEY_COLUMN_USAGE WHERE   CONSTRAINT_SCHEMA='diary'   AND TABLE_NAME='diary'   AND REFERENCED_TABLE_NAME IS NOT NULL;
/* 2021-05-31 21:50:21 [mingki] */ SHOW ENGINES;
/* 2021-05-31 21:50:21 [mingki] */ SHOW COLLATION;
/* 2021-05-31 21:50:21 [mingki] */ SHOW CREATE TABLE `diary`.`diary`;
