/* 2021-07-01 18:08:38 [root] */ /* 127.0.0.1 에 MariaDB (TCP/IP) 을(를) 통해 연결 중, 사용자 이름 "root", 암호 사용: Yes… */
/* 2021-07-01 18:08:38 [root] */ /* Access denied for user 'root'@'localhost' (using password: YES) */
/* 2021-07-01 18:08:42 [root] */ /* 127.0.0.1 에 MariaDB (TCP/IP) 을(를) 통해 연결 중, 사용자 이름 "root", 암호 사용: Yes… */
/* 2021-07-01 18:08:42 [root] */ SELECT CONNECTION_ID();
/* 2021-07-01 18:08:42 [root] */ /* 연결됨. 스레드-ID: 4 */
/* 2021-07-01 18:08:42 [root] */ /* 문자 집합: utf8mb4 */
/* 2021-07-01 18:08:42 [root] */ SHOW STATUS;
/* 2021-07-01 18:08:42 [root] */ SELECT NOW();
/* 2021-07-01 18:08:42 [root] */ SHOW VARIABLES;
/* 2021-07-01 18:08:42 [root] */ SHOW DATABASES;
/* 2021-07-01 18:08:42 [root] */ SHOW OPEN TABLES FROM diary WHERE `in_use`!=0;
/* 2021-07-01 18:08:42 [root] */ USE `diary`;
/* 2021-07-01 18:08:42 [] */ /* "root" 세션 시작 */
/* 2021-07-01 18:08:42 [root] */ SELECT `DEFAULT_COLLATION_NAME` FROM `information_schema`.`SCHEMATA` WHERE `SCHEMA_NAME`='diary';
/* 2021-07-01 18:08:42 [root] */ SHOW TABLE STATUS FROM `diary`;
/* 2021-07-01 18:08:42 [root] */ SHOW FUNCTION STATUS WHERE `Db`='diary';
/* 2021-07-01 18:08:42 [root] */ SHOW PROCEDURE STATUS WHERE `Db`='diary';
/* 2021-07-01 18:08:42 [root] */ SHOW TRIGGERS FROM `diary`;
/* 2021-07-01 18:08:42 [root] */ SELECT `DEFAULT_COLLATION_NAME` FROM `information_schema`.`SCHEMATA` WHERE `SCHEMA_NAME`='information_schema';
/* 2021-07-01 18:08:42 [root] */ SHOW TABLE STATUS FROM `information_schema`;
/* 2021-07-01 18:08:43 [root] */ SHOW FUNCTION STATUS WHERE `Db`='information_schema';
/* 2021-07-01 18:08:43 [root] */ SHOW PROCEDURE STATUS WHERE `Db`='information_schema';
/* 2021-07-01 18:08:43 [root] */ SHOW TRIGGERS FROM `information_schema`;
/* 2021-07-01 18:08:43 [root] */ SHOW EVENTS FROM `information_schema`;
/* 2021-07-01 18:08:43 [root] */ SELECT *, EVENT_SCHEMA AS `Db`, EVENT_NAME AS `Name` FROM information_schema.`EVENTS` WHERE `EVENT_SCHEMA`='diary';
/* 2021-07-01 18:09:08 [root] */ /* 127.0.0.1 의 연결이 2021-07-01 18:09:08 에 종료됨 */
/* 2021-07-01 18:09:14 [mingki] */ /* 127.0.0.1 에 MariaDB (TCP/IP) 을(를) 통해 연결 중, 사용자 이름 "mingki", 암호 사용: Yes… */
/* 2021-07-01 18:09:14 [mingki] */ SELECT CONNECTION_ID();
/* 2021-07-01 18:09:14 [mingki] */ /* 연결됨. 스레드-ID: 5 */
/* 2021-07-01 18:09:14 [mingki] */ /* 문자 집합: utf8mb4 */
/* 2021-07-01 18:09:14 [mingki] */ SHOW STATUS;
/* 2021-07-01 18:09:14 [mingki] */ SELECT NOW();
/* 2021-07-01 18:09:14 [mingki] */ SHOW VARIABLES;
/* 2021-07-01 18:09:14 [mingki] */ SHOW OPEN TABLES FROM diary WHERE `in_use`!=0;
/* 2021-07-01 18:09:14 [mingki] */ USE `diary`;
/* 2021-07-01 18:09:14 [] */ /* "mingki" 세션 시작 */
/* 2021-07-01 18:09:14 [mingki] */ SELECT `DEFAULT_COLLATION_NAME` FROM `information_schema`.`SCHEMATA` WHERE `SCHEMA_NAME`='diary';
/* 2021-07-01 18:09:14 [mingki] */ SHOW TABLE STATUS FROM `diary`;
/* 2021-07-01 18:09:14 [mingki] */ SHOW FUNCTION STATUS WHERE `Db`='diary';
/* 2021-07-01 18:09:14 [mingki] */ SHOW PROCEDURE STATUS WHERE `Db`='diary';
/* 2021-07-01 18:09:14 [mingki] */ SHOW TRIGGERS FROM `diary`;
/* 2021-07-01 18:09:14 [mingki] */ SHOW EVENTS FROM `diary`;
/* 2021-07-01 18:09:20 [mingki] */ /* 127.0.0.1 의 연결이 2021-07-01 18:09:20 에 종료됨 */
/* 2021-07-01 18:09:31 [java] */ /* 127.0.0.1 에 MariaDB (TCP/IP) 을(를) 통해 연결 중, 사용자 이름 "java", 암호 사용: Yes… */
/* 2021-07-01 18:09:31 [java] */ SELECT CONNECTION_ID();
/* 2021-07-01 18:09:31 [java] */ /* 연결됨. 스레드-ID: 6 */
/* 2021-07-01 18:09:31 [java] */ /* 문자 집합: utf8mb4 */
/* 2021-07-01 18:09:31 [java] */ SHOW STATUS;
/* 2021-07-01 18:09:31 [java] */ SELECT NOW();
/* 2021-07-01 18:09:31 [java] */ SHOW VARIABLES;
/* 2021-07-01 18:09:31 [] */ /* "java" 세션 시작 */
/* 2021-07-01 18:09:35 [java] */ /* 127.0.0.1 의 연결이 2021-07-01 18:09:35 에 종료됨 */
/* 2021-07-01 18:09:38 [scott] */ /* 127.0.0.1 에 MariaDB (TCP/IP) 을(를) 통해 연결 중, 사용자 이름 "scott", 암호 사용: Yes… */
/* 2021-07-01 18:09:38 [scott] */ SELECT CONNECTION_ID();
/* 2021-07-01 18:09:38 [scott] */ /* 연결됨. 스레드-ID: 7 */
/* 2021-07-01 18:09:38 [scott] */ /* 문자 집합: utf8mb4 */
/* 2021-07-01 18:09:38 [scott] */ SHOW STATUS;
/* 2021-07-01 18:09:38 [scott] */ SELECT NOW();
/* 2021-07-01 18:09:38 [scott] */ SHOW VARIABLES;
/* 2021-07-01 18:09:38 [scott] */ SHOW OPEN TABLES FROM scott WHERE `in_use`!=0;
/* 2021-07-01 18:09:38 [scott] */ USE `scott`;
/* 2021-07-01 18:09:38 [] */ /* "scott" 세션 시작 */
/* 2021-07-01 18:09:38 [scott] */ SELECT `DEFAULT_COLLATION_NAME` FROM `information_schema`.`SCHEMATA` WHERE `SCHEMA_NAME`='scott';
/* 2021-07-01 18:09:38 [scott] */ SHOW TABLE STATUS FROM `scott`;
/* 2021-07-01 18:09:38 [scott] */ SHOW FUNCTION STATUS WHERE `Db`='scott';
/* 2021-07-01 18:09:38 [scott] */ SHOW PROCEDURE STATUS WHERE `Db`='scott';
/* 2021-07-01 18:09:39 [scott] */ SHOW TRIGGERS FROM `scott`;
/* 2021-07-01 18:09:39 [scott] */ SHOW EVENTS FROM `scott`;
/* 2021-07-01 18:09:48 [scott] */ /* 127.0.0.1 의 연결이 2021-07-01 18:09:48 에 종료됨 */
/* 2021-07-01 18:10:08 [root] */ /* [root] 127.0.0.1 에 MariaDB (TCP/IP) 을(를) 통해 연결 중, 사용자 이름 "root", 암호 사용: Yes… */
/* 2021-07-01 18:10:08 [root] */ [root] SELECT CONNECTION_ID();
/* 2021-07-01 18:10:08 [root] */ /* [root] 연결됨. 스레드-ID: 8 */
/* 2021-07-01 18:10:08 [root] */ /* [root] 문자 집합: utf8mb4 */
/* 2021-07-01 18:10:08 [root] */ [root] SHOW STATUS;
/* 2021-07-01 18:10:08 [root] */ [root] SELECT NOW();
/* 2021-07-01 18:10:08 [root] */ [root] SHOW VARIABLES;
/* 2021-07-01 18:10:08 [root] */ [root] SHOW DATABASES;
/* 2021-07-01 18:10:08 [root] */ /* [root] 127.0.0.1 의 연결이 2021-07-01 18:10:08 에 종료됨 */
/* 2021-07-01 18:10:40 [root] */ /* 127.0.0.1 에 MariaDB (TCP/IP) 을(를) 통해 연결 중, 사용자 이름 "root", 암호 사용: Yes… */
/* 2021-07-01 18:10:40 [root] */ SELECT CONNECTION_ID();
/* 2021-07-01 18:10:40 [root] */ /* 연결됨. 스레드-ID: 9 */
/* 2021-07-01 18:10:40 [root] */ /* 문자 집합: utf8mb4 */
/* 2021-07-01 18:10:40 [root] */ SHOW STATUS;
/* 2021-07-01 18:10:40 [root] */ SELECT NOW();
/* 2021-07-01 18:10:40 [root] */ SHOW VARIABLES;
/* 2021-07-01 18:10:40 [root] */ SHOW DATABASES;
/* 2021-07-01 18:10:40 [root] */ SHOW OPEN TABLES FROM diary WHERE `in_use`!=0;
/* 2021-07-01 18:10:40 [root] */ USE `diary`;
/* 2021-07-01 18:10:40 [] */ /* "root" 세션 시작 */
/* 2021-07-01 18:10:40 [root] */ SELECT `DEFAULT_COLLATION_NAME` FROM `information_schema`.`SCHEMATA` WHERE `SCHEMA_NAME`='diary';
/* 2021-07-01 18:10:40 [root] */ SHOW TABLE STATUS FROM `diary`;
/* 2021-07-01 18:10:40 [root] */ SHOW FUNCTION STATUS WHERE `Db`='diary';
/* 2021-07-01 18:10:40 [root] */ SHOW PROCEDURE STATUS WHERE `Db`='diary';
/* 2021-07-01 18:10:40 [root] */ SHOW TRIGGERS FROM `diary`;
/* 2021-07-01 18:10:40 [root] */ SELECT `DEFAULT_COLLATION_NAME` FROM `information_schema`.`SCHEMATA` WHERE `SCHEMA_NAME`='information_schema';
/* 2021-07-01 18:10:40 [root] */ SHOW TABLE STATUS FROM `information_schema`;
/* 2021-07-01 18:10:41 [root] */ SHOW FUNCTION STATUS WHERE `Db`='information_schema';
/* 2021-07-01 18:10:41 [root] */ SHOW PROCEDURE STATUS WHERE `Db`='information_schema';
/* 2021-07-01 18:10:41 [root] */ SHOW TRIGGERS FROM `information_schema`;
/* 2021-07-01 18:10:41 [root] */ SHOW EVENTS FROM `information_schema`;
/* 2021-07-01 18:10:41 [root] */ SELECT *, EVENT_SCHEMA AS `Db`, EVENT_NAME AS `Name` FROM information_schema.`EVENTS` WHERE `EVENT_SCHEMA`='diary';
/* 2021-07-01 18:11:05 [root] */ CREATE DATABASE bootex;
/* 2021-07-01 18:11:05 [] */ /* 영향 받은 행: 1  찾은 행: 0  경고: 0  지속 시간 1 쿼리: 0.000 초 */
/* 2021-07-01 18:11:47 [root] */ USE `dogshop`;
/* 2021-07-01 18:12:00 [root] */ SELECT `DEFAULT_COLLATION_NAME` FROM `information_schema`.`SCHEMATA` WHERE `SCHEMA_NAME`='bigdb';
/* 2021-07-01 18:12:00 [root] */ SHOW TABLE STATUS FROM `bigdb`;
/* 2021-07-01 18:12:00 [root] */ SHOW FUNCTION STATUS WHERE `Db`='bigdb';
/* 2021-07-01 18:12:00 [root] */ SHOW PROCEDURE STATUS WHERE `Db`='bigdb';
/* 2021-07-01 18:12:00 [root] */ SHOW TRIGGERS FROM `bigdb`;
/* 2021-07-01 18:12:00 [root] */ SELECT *, EVENT_SCHEMA AS `Db`, EVENT_NAME AS `Name` FROM information_schema.`EVENTS` WHERE `EVENT_SCHEMA`='bigdb';
/* 2021-07-01 18:12:19 [root] */ CREATE DATABASE bootex;
/* 2021-07-01 18:12:19 [root] */ /* SQL 오류 (1007): Can't create database 'bootex'; database exists */
/* 2021-07-01 18:12:19 [] */ /* 영향 받은 행: 0  찾은 행: 0  경고: 0  지속 시간 0 of 1 쿼리: 0.000 초 */
/* 2021-07-01 18:12:29 [root] */ SHOW DATABASES;
/* 2021-07-01 18:12:29 [] */ /* "root" 세션 시작 */
/* 2021-07-01 18:12:30 [root] */ USE `bootex`;
/* 2021-07-01 18:12:31 [root] */ SELECT `DEFAULT_COLLATION_NAME` FROM `information_schema`.`SCHEMATA` WHERE `SCHEMA_NAME`='bootex';
/* 2021-07-01 18:12:31 [root] */ SHOW TABLE STATUS FROM `bootex`;
/* 2021-07-01 18:12:31 [root] */ SHOW FUNCTION STATUS WHERE `Db`='bootex';
/* 2021-07-01 18:12:31 [root] */ SHOW PROCEDURE STATUS WHERE `Db`='bootex';
/* 2021-07-01 18:12:31 [root] */ SHOW TRIGGERS FROM `bootex`;
/* 2021-07-01 18:12:31 [root] */ SELECT *, EVENT_SCHEMA AS `Db`, EVENT_NAME AS `Name` FROM information_schema.`EVENTS` WHERE `EVENT_SCHEMA`='bootex';
/* 2021-07-01 18:12:33 [root] */ /* 127.0.0.1 의 연결이 2021-07-01 18:12:33 에 종료됨 */
/* 2021-07-01 18:12:36 [mingki] */ /* [mingki] 127.0.0.1 에 MariaDB (TCP/IP) 을(를) 통해 연결 중, 사용자 이름 "mingki", 암호 사용: Yes… */
/* 2021-07-01 18:12:36 [mingki] */ [mingki] SELECT CONNECTION_ID();
/* 2021-07-01 18:12:36 [mingki] */ /* [mingki] 연결됨. 스레드-ID: 10 */
/* 2021-07-01 18:12:36 [mingki] */ /* [mingki] 문자 집합: utf8mb4 */
/* 2021-07-01 18:12:36 [mingki] */ [mingki] SHOW STATUS;
/* 2021-07-01 18:12:36 [mingki] */ [mingki] SELECT NOW();
/* 2021-07-01 18:12:36 [mingki] */ [mingki] SHOW VARIABLES;
/* 2021-07-01 18:12:36 [mingki] */ [mingki] SHOW DATABASES;
/* 2021-07-01 18:12:36 [mingki] */ /* [mingki] 127.0.0.1 의 연결이 2021-07-01 18:12:36 에 종료됨 */
/* 2021-07-01 18:12:39 [mingki] */ /* 127.0.0.1 에 MariaDB (TCP/IP) 을(를) 통해 연결 중, 사용자 이름 "mingki", 암호 사용: Yes… */
/* 2021-07-01 18:12:39 [mingki] */ SELECT CONNECTION_ID();
/* 2021-07-01 18:12:39 [mingki] */ /* 연결됨. 스레드-ID: 11 */
/* 2021-07-01 18:12:39 [mingki] */ /* 문자 집합: utf8mb4 */
/* 2021-07-01 18:12:39 [mingki] */ SHOW STATUS;
/* 2021-07-01 18:12:39 [mingki] */ SELECT NOW();
/* 2021-07-01 18:12:39 [mingki] */ SHOW VARIABLES;
/* 2021-07-01 18:12:39 [mingki] */ SHOW OPEN TABLES FROM diary WHERE `in_use`!=0;
/* 2021-07-01 18:12:39 [mingki] */ USE `diary`;
/* 2021-07-01 18:12:39 [] */ /* "mingki" 세션 시작 */
/* 2021-07-01 18:12:39 [mingki] */ SELECT `DEFAULT_COLLATION_NAME` FROM `information_schema`.`SCHEMATA` WHERE `SCHEMA_NAME`='diary';
/* 2021-07-01 18:12:39 [mingki] */ SHOW TABLE STATUS FROM `diary`;
/* 2021-07-01 18:12:39 [mingki] */ SHOW FUNCTION STATUS WHERE `Db`='diary';
/* 2021-07-01 18:12:39 [mingki] */ SHOW PROCEDURE STATUS WHERE `Db`='diary';
/* 2021-07-01 18:12:39 [mingki] */ SHOW TRIGGERS FROM `diary`;
/* 2021-07-01 18:12:39 [mingki] */ SHOW EVENTS FROM `diary`;
/* 2021-07-01 18:19:45 [mingki] */ /* 127.0.0.1 의 연결이 2021-07-01 18:19:45 에 종료됨 */
/* 2021-07-01 18:19:48 [mingki] */ /* 127.0.0.1 에 MariaDB (TCP/IP) 을(를) 통해 연결 중, 사용자 이름 "mingki", 암호 사용: Yes… */
/* 2021-07-01 18:19:48 [mingki] */ SELECT CONNECTION_ID();
/* 2021-07-01 18:19:48 [mingki] */ /* 연결됨. 스레드-ID: 12 */
/* 2021-07-01 18:19:48 [mingki] */ /* 문자 집합: utf8mb4 */
/* 2021-07-01 18:19:48 [mingki] */ SHOW STATUS;
/* 2021-07-01 18:19:48 [mingki] */ SELECT NOW();
/* 2021-07-01 18:19:48 [mingki] */ SHOW VARIABLES;
/* 2021-07-01 18:19:48 [mingki] */ SHOW OPEN TABLES FROM diary WHERE `in_use`!=0;
/* 2021-07-01 18:19:48 [mingki] */ USE `diary`;
/* 2021-07-01 18:19:48 [] */ /* "mingki" 세션 시작 */
/* 2021-07-01 18:19:48 [mingki] */ SELECT `DEFAULT_COLLATION_NAME` FROM `information_schema`.`SCHEMATA` WHERE `SCHEMA_NAME`='diary';
/* 2021-07-01 18:19:48 [mingki] */ SHOW TABLE STATUS FROM `diary`;
/* 2021-07-01 18:19:48 [mingki] */ SHOW FUNCTION STATUS WHERE `Db`='diary';
/* 2021-07-01 18:19:48 [mingki] */ SHOW PROCEDURE STATUS WHERE `Db`='diary';
/* 2021-07-01 18:19:48 [mingki] */ SHOW TRIGGERS FROM `diary`;
/* 2021-07-01 18:19:48 [mingki] */ SHOW EVENTS FROM `diary`;
/* 2021-07-01 18:59:04 [mingki] */ SELECT `DEFAULT_COLLATION_NAME` FROM `information_schema`.`SCHEMATA` WHERE `SCHEMA_NAME`='bootex';
/* 2021-07-01 18:59:04 [mingki] */ SHOW TABLE STATUS FROM `bootex`;
/* 2021-07-01 18:59:04 [mingki] */ SHOW FUNCTION STATUS WHERE `Db`='bootex';
/* 2021-07-01 18:59:04 [mingki] */ SHOW PROCEDURE STATUS WHERE `Db`='bootex';
/* 2021-07-01 18:59:04 [mingki] */ SHOW TRIGGERS FROM `bootex`;
/* 2021-07-01 18:59:04 [mingki] */ SHOW EVENTS FROM `bootex`;
/* 2021-07-01 18:59:04 [mingki] */ /* SQL 오류 (1044): Access denied for user 'mingki'@'localhost' to database 'bootex' */
/* 2021-07-01 18:59:06 [mingki] */ /* 127.0.0.1 의 연결이 2021-07-01 18:59:06 에 종료됨 */
/* 2021-07-01 18:59:13 [mingki] */ /* 127.0.0.1 에 MariaDB (TCP/IP) 을(를) 통해 연결 중, 사용자 이름 "mingki", 암호 사용: Yes… */
/* 2021-07-01 18:59:13 [mingki] */ SELECT CONNECTION_ID();
/* 2021-07-01 18:59:13 [mingki] */ /* 연결됨. 스레드-ID: 47 */
/* 2021-07-01 18:59:13 [mingki] */ /* 문자 집합: utf8mb4 */
/* 2021-07-01 18:59:13 [mingki] */ SHOW STATUS;
/* 2021-07-01 18:59:13 [mingki] */ SELECT NOW();
/* 2021-07-01 18:59:13 [mingki] */ SHOW VARIABLES;
/* 2021-07-01 18:59:13 [] */ /* "mingki" 세션 시작 */
/* 2021-07-01 19:34:21 [mingki] */ SELECT `DEFAULT_COLLATION_NAME` FROM `information_schema`.`SCHEMATA` WHERE `SCHEMA_NAME`='bootex';
/* 2021-07-01 19:34:21 [mingki] */ SHOW TABLE STATUS FROM `bootex`;
/* 2021-07-01 19:34:21 [mingki] */ SHOW FUNCTION STATUS WHERE `Db`='bootex';
/* 2021-07-01 19:34:21 [mingki] */ SHOW PROCEDURE STATUS WHERE `Db`='bootex';
/* 2021-07-01 19:34:21 [mingki] */ SHOW TRIGGERS FROM `bootex`;
/* 2021-07-01 19:34:21 [mingki] */ SHOW EVENTS FROM `bootex`;
/* 2021-07-01 19:34:21 [mingki] */ /* SQL 오류 (1044): Access denied for user 'mingki'@'localhost' to database 'bootex' */
/* 2021-07-01 19:34:22 [mingki] */ USE `bootex`;
/* 2021-07-01 19:34:23 [] */ /* "mingki" 세션 시작 */
/* 2021-07-01 19:34:24 [mingki] */ SELECT `DEFAULT_COLLATION_NAME` FROM `information_schema`.`SCHEMATA` WHERE `SCHEMA_NAME`='bootex';
/* 2021-07-01 19:34:24 [mingki] */ SHOW TABLE STATUS FROM `bootex`;
/* 2021-07-01 19:34:24 [mingki] */ SHOW FUNCTION STATUS WHERE `Db`='bootex';
/* 2021-07-01 19:34:24 [mingki] */ SHOW PROCEDURE STATUS WHERE `Db`='bootex';
/* 2021-07-01 19:34:24 [mingki] */ SHOW TRIGGERS FROM `bootex`;
/* 2021-07-01 19:34:24 [mingki] */ SHOW EVENTS FROM `bootex`;
/* 2021-07-01 19:34:24 [mingki] */ /* SQL 오류 (1044): Access denied for user 'mingki'@'localhost' to database 'bootex' */
/* 2021-07-01 19:34:26 [] */ /* "mingki" 세션 시작 */
/* 2021-07-01 19:34:27 [mingki] */ SELECT `DEFAULT_COLLATION_NAME` FROM `information_schema`.`SCHEMATA` WHERE `SCHEMA_NAME`='diary';
/* 2021-07-01 19:34:27 [mingki] */ SHOW TABLE STATUS FROM `diary`;
/* 2021-07-01 19:34:27 [mingki] */ SHOW FUNCTION STATUS WHERE `Db`='diary';
/* 2021-07-01 19:34:27 [mingki] */ SHOW PROCEDURE STATUS WHERE `Db`='diary';
/* 2021-07-01 19:34:27 [mingki] */ SHOW TRIGGERS FROM `diary`;
/* 2021-07-01 19:34:27 [mingki] */ SHOW EVENTS FROM `diary`;
/* 2021-07-01 19:34:28 [mingki] */ SELECT `DEFAULT_COLLATION_NAME` FROM `information_schema`.`SCHEMATA` WHERE `SCHEMA_NAME`='bootex';
/* 2021-07-01 19:34:28 [mingki] */ SHOW TABLE STATUS FROM `bootex`;
/* 2021-07-01 19:34:28 [mingki] */ SHOW FUNCTION STATUS WHERE `Db`='bootex';
/* 2021-07-01 19:34:28 [mingki] */ SHOW PROCEDURE STATUS WHERE `Db`='bootex';
/* 2021-07-01 19:34:28 [mingki] */ SHOW TRIGGERS FROM `bootex`;
/* 2021-07-01 19:34:28 [mingki] */ SHOW EVENTS FROM `bootex`;
/* 2021-07-01 19:34:28 [mingki] */ /* SQL 오류 (1044): Access denied for user 'mingki'@'localhost' to database 'bootex' */
/* 2021-07-01 19:54:12 [mingki] */ USE `bootex`;
/* 2021-07-01 19:54:31 [mingki] */ create table guestbook (
       gno bigint not null auto_increment,
        moddate datetime(6),
        regdate datetime(6),
        content varchar(1500) not null,
        title varchar(100) not null,
        writer varchar(50) not null,
        primary key (gno)
    );
/* 2021-07-01 19:54:32 [mingki] */ /* SQL 오류 (1142): CREATE command denied to user 'mingki'@'localhost' for table 'guestbook' */
/* 2021-07-01 19:54:32 [] */ /* 영향 받은 행: 0  찾은 행: 0  경고: 0  지속 시간 0 of 1 쿼리: 0.000 초 */
/* 2021-07-01 19:54:46 [] */ /* "mingki" 세션 시작 */
/* 2021-07-01 19:54:47 [mingki] */ SELECT `DEFAULT_COLLATION_NAME` FROM `information_schema`.`SCHEMATA` WHERE `SCHEMA_NAME`='bootex';
/* 2021-07-01 19:54:47 [mingki] */ SHOW TABLE STATUS FROM `bootex`;
/* 2021-07-01 19:54:47 [mingki] */ SHOW FUNCTION STATUS WHERE `Db`='bootex';
/* 2021-07-01 19:54:47 [mingki] */ SHOW PROCEDURE STATUS WHERE `Db`='bootex';
/* 2021-07-01 19:54:47 [mingki] */ SHOW TRIGGERS FROM `bootex`;
/* 2021-07-01 19:54:47 [mingki] */ SHOW EVENTS FROM `bootex`;
/* 2021-07-01 19:54:47 [mingki] */ /* SQL 오류 (1044): Access denied for user 'mingki'@'localhost' to database 'bootex' */
/* 2021-07-01 19:54:56 [mingki] */ create table guestbook (
       gno bigint not null auto_increment,
        moddate datetime(6),
        regdate datetime(6),
        content varchar(1500) not null,
        title varchar(100) not null,
        writer varchar(50) not null,
        primary key (gno)
);
/* 2021-07-01 19:54:56 [mingki] */ /* SQL 오류 (1142): CREATE command denied to user 'mingki'@'localhost' for table 'guestbook' */
/* 2021-07-01 19:54:56 [] */ /* 영향 받은 행: 0  찾은 행: 0  경고: 0  지속 시간 0 of 1 쿼리: 0.000 초 */
