/* 2021-04-04 19:27:04 [root] */ /* 127.0.0.1 에 MariaDB (TCP/IP) 을(를) 통해 연결 중, 사용자 이름 "root", 암호 사용: No… */
/* 2021-04-04 19:27:04 [root] */ /* Access denied for user 'root'@'localhost' (using password: NO) */
/* 2021-04-04 19:27:08 [root] */ /* 127.0.0.1 에 MariaDB (TCP/IP) 을(를) 통해 연결 중, 사용자 이름 "root", 암호 사용: Yes… */
/* 2021-04-04 19:27:08 [root] */ SELECT CONNECTION_ID();
/* 2021-04-04 19:27:08 [root] */ /* 연결됨. 스레드-ID: 39 */
/* 2021-04-04 19:27:08 [root] */ /* 문자 집합: utf8mb4 */
/* 2021-04-04 19:27:08 [root] */ SHOW STATUS;
/* 2021-04-04 19:27:08 [root] */ SELECT NOW();
/* 2021-04-04 19:27:08 [root] */ SHOW VARIABLES;
/* 2021-04-04 19:27:08 [root] */ SHOW DATABASES;
/* 2021-04-04 19:27:08 [root] */ SHOW OPEN TABLES FROM bigdb WHERE `in_use`!=0;
/* 2021-04-04 19:27:08 [root] */ USE `bigdb`;
/* 2021-04-04 19:27:08 [] */ /* "root" 세션 시작 */
/* 2021-04-04 19:27:09 [root] */ SELECT `DEFAULT_COLLATION_NAME` FROM `information_schema`.`SCHEMATA` WHERE `SCHEMA_NAME`='bigdb';
/* 2021-04-04 19:27:09 [root] */ SHOW TABLE STATUS FROM `bigdb`;
/* 2021-04-04 19:27:09 [root] */ SHOW FUNCTION STATUS WHERE `Db`='bigdb';
/* 2021-04-04 19:27:09 [root] */ SHOW PROCEDURE STATUS WHERE `Db`='bigdb';
/* 2021-04-04 19:27:09 [root] */ SHOW TRIGGERS FROM `bigdb`;
/* 2021-04-04 19:27:09 [root] */ SELECT `DEFAULT_COLLATION_NAME` FROM `information_schema`.`SCHEMATA` WHERE `SCHEMA_NAME`='information_schema';
/* 2021-04-04 19:27:09 [root] */ SHOW TABLE STATUS FROM `information_schema`;
/* 2021-04-04 19:27:09 [root] */ SHOW FUNCTION STATUS WHERE `Db`='information_schema';
/* 2021-04-04 19:27:09 [root] */ SHOW PROCEDURE STATUS WHERE `Db`='information_schema';
/* 2021-04-04 19:27:09 [root] */ SHOW TRIGGERS FROM `information_schema`;
/* 2021-04-04 19:27:09 [root] */ SHOW EVENTS FROM `information_schema`;
/* 2021-04-04 19:27:09 [root] */ SELECT *, EVENT_SCHEMA AS `Db`, EVENT_NAME AS `Name` FROM information_schema.`EVENTS` WHERE `EVENT_SCHEMA`='bigdb';
/* 2021-04-04 19:27:09 [] */ /* Loading file "D:\git_ming\DB\DB\MariaDB\03_23_테이블생성및삽입.sql" (255 B) into query tab #1 ... */
/* 2021-04-04 19:27:22 [root] */ SELECT * FROM `information_schema`.`COLUMNS` WHERE TABLE_SCHEMA='bigdb' AND TABLE_NAME='bonus' ORDER BY ORDINAL_POSITION;
/* 2021-04-04 19:27:22 [root] */ SHOW INDEXES FROM `bonus` FROM `bigdb`;
/* 2021-04-04 19:27:22 [root] */ SELECT * FROM information_schema.REFERENTIAL_CONSTRAINTS WHERE   CONSTRAINT_SCHEMA='bigdb'   AND TABLE_NAME='bonus'   AND REFERENCED_TABLE_NAME IS NOT NULL;
/* 2021-04-04 19:27:22 [root] */ SELECT * FROM information_schema.KEY_COLUMN_USAGE WHERE   CONSTRAINT_SCHEMA='bigdb'   AND TABLE_NAME='bonus'   AND REFERENCED_TABLE_NAME IS NOT NULL;
/* 2021-04-04 19:27:23 [root] */ SHOW ENGINES;
/* 2021-04-04 19:27:23 [root] */ SHOW COLLATION;
/* 2021-04-04 19:27:23 [root] */ SHOW CREATE TABLE `bigdb`.`bonus`;
/* 2021-04-04 19:27:40 [root] */ FLUSH PRIVILEGES;
/* 2021-04-04 19:27:40 [root] */ SHOW COLUMNS FROM `mysql`.`user`;
/* 2021-04-04 19:27:40 [root] */ SELECT `user`, `host`, IF(LENGTH(password)>0, password, authentication_string) AS `password` FROM `mysql`.`user`;
/* 2021-04-04 19:27:43 [root] */ SHOW GRANTS FOR 'mingki'@'%';
/* 2021-04-04 19:27:52 [root] */ /* 127.0.0.1 의 연결이 2021-04-04 19:27:52 에 종료됨 */
